2025-04-09 20:12:18,435 INFO [main] o.a.n.a.single.user.SingleUserAuthorizer Initializing Authorizer
2025-04-09 20:12:18,455 INFO [main] o.a.n.a.FileUserGroupProvider Creating new users file at /opt/nifi/nifi-current/./conf/users.xml
2025-04-09 20:12:18,475 INFO [main] o.a.n.a.FileAccessPolicyProvider Creating new authorizations file at /opt/nifi/nifi-current/./conf/authorizations.xml
2025-04-09 20:12:18,483 INFO [main] o.a.n.a.single.user.SingleUserAuthorizer Configuring Authorizer
2025-04-09 20:12:35,463 INFO [main] o.a.n.w.s.c.KeyPairGeneratorConfiguration Configured Key Pair Algorithm [Ed25519] for JSON Web Signatures
2025-04-09 20:13:32,269 INFO [NiFi Web Server-40] o.a.n.w.a.c.IllegalArgumentExceptionMapper java.lang.IllegalArgumentException: The supplied username and password are not valid.}. Returning Bad Request} response.
java.lang.IllegalArgumentException: The supplied username and password are not valid.
	at org.apache.nifi.web.api.AccessResource.createAccessToken(AccessResource.java:141)
	at java.base/jdk.internal.reflect.DirectMethodHandleAccessor.invoke(DirectMethodHandleAccessor.java:103)
	at java.base/java.lang.reflect.Method.invoke(Method.java:580)
	at org.glassfish.jersey.server.model.internal.ResourceMethodInvocationHandlerFactory.lambda$static$0(ResourceMethodInvocationHandlerFactory.java:52)
	at org.glassfish.jersey.server.model.internal.AbstractJavaResourceMethodDispatcher$1.run(AbstractJavaResourceMethodDispatcher.java:146)
	at org.glassfish.jersey.server.model.internal.AbstractJavaResourceMethodDispatcher.invoke(AbstractJavaResourceMethodDispatcher.java:189)
	at org.glassfish.jersey.server.model.internal.JavaResourceMethodDispatcherProvider$ResponseOutInvoker.doDispatch(JavaResourceMethodDispatcherProvider.java:176)
	at org.glassfish.jersey.server.model.internal.AbstractJavaResourceMethodDispatcher.dispatch(AbstractJavaResourceMethodDispatcher.java:93)
	at org.glassfish.jersey.server.model.ResourceMethodInvoker.invoke(ResourceMethodInvoker.java:478)
	at org.glassfish.jersey.server.model.ResourceMethodInvoker.apply(ResourceMethodInvoker.java:400)
	at org.glassfish.jersey.server.model.ResourceMethodInvoker.apply(ResourceMethodInvoker.java:81)
	at org.glassfish.jersey.server.ServerRuntime$1.run(ServerRuntime.java:274)
	at org.glassfish.jersey.internal.Errors$1.call(Errors.java:248)
	at org.glassfish.jersey.internal.Errors$1.call(Errors.java:244)
	at org.glassfish.jersey.internal.Errors.process(Errors.java:292)
	at org.glassfish.jersey.internal.Errors.process(Errors.java:274)
	at org.glassfish.jersey.internal.Errors.process(Errors.java:244)
	at org.glassfish.jersey.process.internal.RequestScope.runInScope(RequestScope.java:266)
	at org.glassfish.jersey.server.ServerRuntime.process(ServerRuntime.java:253)
	at org.glassfish.jersey.server.ApplicationHandler.handle(ApplicationHandler.java:696)
	at org.glassfish.jersey.servlet.WebComponent.serviceImpl(WebComponent.java:397)
	at org.glassfish.jersey.servlet.WebComponent.service(WebComponent.java:349)
	at org.glassfish.jersey.servlet.ServletContainer.service(ServletContainer.java:358)
	at org.glassfish.jersey.servlet.ServletContainer.service(ServletContainer.java:312)
	at org.glassfish.jersey.servlet.ServletContainer.service(ServletContainer.java:205)
	at org.eclipse.jetty.ee10.servlet.ServletHolder$NotAsync.service(ServletHolder.java:1379)
	at org.eclipse.jetty.ee10.servlet.ServletHolder.handle(ServletHolder.java:736)
	at org.eclipse.jetty.ee10.servlet.ServletHandler$ChainEnd.doFilter(ServletHandler.java:1619)
	at org.springframework.security.web.FilterChainProxy.doFilterInternal(FilterChainProxy.java:219)
	at org.springframework.security.web.FilterChainProxy.doFilter(FilterChainProxy.java:191)
	at org.springframework.web.filter.DelegatingFilterProxy.invokeDelegate(DelegatingFilterProxy.java:362)
	at org.springframework.web.filter.DelegatingFilterProxy.doFilter(DelegatingFilterProxy.java:278)
	at org.eclipse.jetty.ee10.servlet.FilterHolder.doFilter(FilterHolder.java:205)
	at org.eclipse.jetty.ee10.servlet.ServletHandler$Chain.doFilter(ServletHandler.java:1591)
	at org.apache.nifi.web.filter.ExceptionFilter.doFilter(ExceptionFilter.java:44)
	at org.eclipse.jetty.ee10.servlet.FilterHolder.doFilter(FilterHolder.java:208)
	at org.eclipse.jetty.ee10.servlet.ServletHandler$Chain.doFilter(ServletHandler.java:1591)
	at org.eclipse.jetty.ee10.servlets.DoSFilter.doFilterChain(DoSFilter.java:462)
	at org.eclipse.jetty.ee10.servlets.DoSFilter.doFilter(DoSFilter.java:317)
	at org.eclipse.jetty.ee10.servlets.DoSFilter.doFilter(DoSFilter.java:282)
	at org.eclipse.jetty.ee10.servlet.FilterHolder.doFilter(FilterHolder.java:205)
	at org.eclipse.jetty.ee10.servlet.ServletHandler$Chain.doFilter(ServletHandler.java:1591)
	at org.eclipse.jetty.ee10.servlets.DoSFilter.doFilterChain(DoSFilter.java:462)
	at org.apache.nifi.web.server.filter.DataTransferExcludedDoSFilter.doFilterChain(DataTransferExcludedDoSFilter.java:51)
	at org.eclipse.jetty.ee10.servlets.DoSFilter.doFilter(DoSFilter.java:317)
	at org.eclipse.jetty.ee10.servlets.DoSFilter.doFilter(DoSFilter.java:282)
	at org.eclipse.jetty.ee10.servlet.FilterHolder.doFilter(FilterHolder.java:205)
	at org.eclipse.jetty.ee10.servlet.ServletHandler$Chain.doFilter(ServletHandler.java:1591)
	at org.apache.nifi.web.server.log.RequestAuthenticationFilter.doFilterInternal(RequestAuthenticationFilter.java:59)
	at org.springframework.web.filter.OncePerRequestFilter.doFilter(OncePerRequestFilter.java:116)
	at org.eclipse.jetty.ee10.servlet.FilterHolder.doFilter(FilterHolder.java:205)
	at org.eclipse.jetty.ee10.servlet.ServletHandler$Chain.doFilter(ServletHandler.java:1591)
	at org.eclipse.jetty.ee10.servlet.ServletHandler$MappedServlet.handle(ServletHandler.java:1552)
	at org.eclipse.jetty.ee10.servlet.ServletChannel.dispatch(ServletChannel.java:819)
	at org.eclipse.jetty.ee10.servlet.ServletChannel.handle(ServletChannel.java:436)
	at org.eclipse.jetty.ee10.servlet.ServletHandler.handle(ServletHandler.java:469)
	at org.eclipse.jetty.security.SecurityHandler.handle(SecurityHandler.java:575)
	at org.eclipse.jetty.ee10.servlet.SessionHandler.handle(SessionHandler.java:717)
	at org.eclipse.jetty.server.handler.ContextHandler.handle(ContextHandler.java:1060)
	at org.eclipse.jetty.server.handler.ContextHandlerCollection.handle(ContextHandlerCollection.java:181)
	at org.eclipse.jetty.server.handler.ContextHandlerCollection.handle(ContextHandlerCollection.java:151)
	at org.eclipse.jetty.server.Handler$Sequence.handle(Handler.java:805)
	at org.eclipse.jetty.server.Server.handle(Server.java:182)
	at org.eclipse.jetty.server.internal.HttpChannelState$HandlerInvoker.run(HttpChannelState.java:662)
	at org.eclipse.jetty.util.thread.Invocable$ReadyTask.run(Invocable.java:175)
	at org.eclipse.jetty.http2.server.internal.HttpStreamOverHTTP2$1.run(HttpStreamOverHTTP2.java:135)
	at org.eclipse.jetty.util.thread.strategy.AdaptiveExecutionStrategy.runTask(AdaptiveExecutionStrategy.java:480)
	at org.eclipse.jetty.util.thread.strategy.AdaptiveExecutionStrategy.consumeTask(AdaptiveExecutionStrategy.java:443)
	at org.eclipse.jetty.util.thread.strategy.AdaptiveExecutionStrategy.tryProduce(AdaptiveExecutionStrategy.java:293)
	at org.eclipse.jetty.util.thread.strategy.AdaptiveExecutionStrategy.produce(AdaptiveExecutionStrategy.java:195)
	at org.eclipse.jetty.http2.HTTP2Connection.produce(HTTP2Connection.java:209)
	at org.eclipse.jetty.http2.HTTP2Connection.onFillable(HTTP2Connection.java:156)
	at org.eclipse.jetty.http2.HTTP2Connection$FillableCallback.succeeded(HTTP2Connection.java:442)
	at org.eclipse.jetty.io.FillInterest.fillable(FillInterest.java:99)
	at org.eclipse.jetty.io.ssl.SslConnection$SslEndPoint.onFillable(SslConnection.java:575)
	at org.eclipse.jetty.io.ssl.SslConnection.onFillable(SslConnection.java:390)
	at org.eclipse.jetty.io.ssl.SslConnection$2.succeeded(SslConnection.java:150)
	at org.eclipse.jetty.io.FillInterest.fillable(FillInterest.java:99)
	at org.eclipse.jetty.io.SelectableChannelEndPoint$1.run(SelectableChannelEndPoint.java:53)
	at org.eclipse.jetty.util.thread.strategy.AdaptiveExecutionStrategy.runTask(AdaptiveExecutionStrategy.java:480)
	at org.eclipse.jetty.util.thread.strategy.AdaptiveExecutionStrategy.consumeTask(AdaptiveExecutionStrategy.java:443)
	at org.eclipse.jetty.util.thread.strategy.AdaptiveExecutionStrategy.tryProduce(AdaptiveExecutionStrategy.java:293)
	at org.eclipse.jetty.util.thread.strategy.AdaptiveExecutionStrategy.run(AdaptiveExecutionStrategy.java:201)
	at org.eclipse.jetty.util.thread.ReservedThreadExecutor$ReservedThread.run(ReservedThreadExecutor.java:311)
	at org.eclipse.jetty.util.thread.QueuedThreadPool.runJob(QueuedThreadPool.java:979)
	at org.eclipse.jetty.util.thread.QueuedThreadPool$Runner.doRunJob(QueuedThreadPool.java:1209)
	at org.eclipse.jetty.util.thread.QueuedThreadPool$Runner.run(QueuedThreadPool.java:1164)
	at java.base/java.lang.Thread.run(Thread.java:1583)
Caused by: org.apache.nifi.authentication.exception.InvalidLoginCredentialsException: Username verification failed
	at org.apache.nifi.authentication.single.user.SingleUserLoginIdentityProvider.authenticate(SingleUserLoginIdentityProvider.java:89)
	at org.apache.nifi.web.security.spring.LoginIdentityProviderFactoryBean$1.authenticate(LoginIdentityProviderFactoryBean.java:281)
	at org.apache.nifi.web.api.AccessResource.createAccessToken(AccessResource.java:132)
	... 87 common frames omitted
2025-04-09 20:13:57,178 INFO [NiFi Web Server-48] o.a.n.w.a.c.IllegalArgumentExceptionMapper java.lang.IllegalArgumentException: The supplied username and password are not valid.}. Returning Bad Request} response.
java.lang.IllegalArgumentException: The supplied username and password are not valid.
	at org.apache.nifi.web.api.AccessResource.createAccessToken(AccessResource.java:141)
	at java.base/jdk.internal.reflect.DirectMethodHandleAccessor.invoke(DirectMethodHandleAccessor.java:103)
	at java.base/java.lang.reflect.Method.invoke(Method.java:580)
	at org.glassfish.jersey.server.model.internal.ResourceMethodInvocationHandlerFactory.lambda$static$0(ResourceMethodInvocationHandlerFactory.java:52)
	at org.glassfish.jersey.server.model.internal.AbstractJavaResourceMethodDispatcher$1.run(AbstractJavaResourceMethodDispatcher.java:146)
	at org.glassfish.jersey.server.model.internal.AbstractJavaResourceMethodDispatcher.invoke(AbstractJavaResourceMethodDispatcher.java:189)
	at org.glassfish.jersey.server.model.internal.JavaResourceMethodDispatcherProvider$ResponseOutInvoker.doDispatch(JavaResourceMethodDispatcherProvider.java:176)
	at org.glassfish.jersey.server.model.internal.AbstractJavaResourceMethodDispatcher.dispatch(AbstractJavaResourceMethodDispatcher.java:93)
	at org.glassfish.jersey.server.model.ResourceMethodInvoker.invoke(ResourceMethodInvoker.java:478)
	at org.glassfish.jersey.server.model.ResourceMethodInvoker.apply(ResourceMethodInvoker.java:400)
	at org.glassfish.jersey.server.model.ResourceMethodInvoker.apply(ResourceMethodInvoker.java:81)
	at org.glassfish.jersey.server.ServerRuntime$1.run(ServerRuntime.java:274)
	at org.glassfish.jersey.internal.Errors$1.call(Errors.java:248)
	at org.glassfish.jersey.internal.Errors$1.call(Errors.java:244)
	at org.glassfish.jersey.internal.Errors.process(Errors.java:292)
	at org.glassfish.jersey.internal.Errors.process(Errors.java:274)
	at org.glassfish.jersey.internal.Errors.process(Errors.java:244)
	at org.glassfish.jersey.process.internal.RequestScope.runInScope(RequestScope.java:266)
	at org.glassfish.jersey.server.ServerRuntime.process(ServerRuntime.java:253)
	at org.glassfish.jersey.server.ApplicationHandler.handle(ApplicationHandler.java:696)
	at org.glassfish.jersey.servlet.WebComponent.serviceImpl(WebComponent.java:397)
	at org.glassfish.jersey.servlet.WebComponent.service(WebComponent.java:349)
	at org.glassfish.jersey.servlet.ServletContainer.service(ServletContainer.java:358)
	at org.glassfish.jersey.servlet.ServletContainer.service(ServletContainer.java:312)
	at org.glassfish.jersey.servlet.ServletContainer.service(ServletContainer.java:205)
	at org.eclipse.jetty.ee10.servlet.ServletHolder$NotAsync.service(ServletHolder.java:1379)
	at org.eclipse.jetty.ee10.servlet.ServletHolder.handle(ServletHolder.java:736)
	at org.eclipse.jetty.ee10.servlet.ServletHandler$ChainEnd.doFilter(ServletHandler.java:1619)
	at org.springframework.security.web.FilterChainProxy.doFilterInternal(FilterChainProxy.java:219)
	at org.springframework.security.web.FilterChainProxy.doFilter(FilterChainProxy.java:191)
	at org.springframework.web.filter.DelegatingFilterProxy.invokeDelegate(DelegatingFilterProxy.java:362)
	at org.springframework.web.filter.DelegatingFilterProxy.doFilter(DelegatingFilterProxy.java:278)
	at org.eclipse.jetty.ee10.servlet.FilterHolder.doFilter(FilterHolder.java:205)
	at org.eclipse.jetty.ee10.servlet.ServletHandler$Chain.doFilter(ServletHandler.java:1591)
	at org.apache.nifi.web.filter.ExceptionFilter.doFilter(ExceptionFilter.java:44)
	at org.eclipse.jetty.ee10.servlet.FilterHolder.doFilter(FilterHolder.java:208)
	at org.eclipse.jetty.ee10.servlet.ServletHandler$Chain.doFilter(ServletHandler.java:1591)
	at org.eclipse.jetty.ee10.servlets.DoSFilter.doFilterChain(DoSFilter.java:462)
	at org.eclipse.jetty.ee10.servlets.DoSFilter.doFilter(DoSFilter.java:317)
	at org.eclipse.jetty.ee10.servlets.DoSFilter.doFilter(DoSFilter.java:282)
	at org.eclipse.jetty.ee10.servlet.FilterHolder.doFilter(FilterHolder.java:205)
	at org.eclipse.jetty.ee10.servlet.ServletHandler$Chain.doFilter(ServletHandler.java:1591)
	at org.eclipse.jetty.ee10.servlets.DoSFilter.doFilterChain(DoSFilter.java:462)
	at org.apache.nifi.web.server.filter.DataTransferExcludedDoSFilter.doFilterChain(DataTransferExcludedDoSFilter.java:51)
	at org.eclipse.jetty.ee10.servlets.DoSFilter.doFilter(DoSFilter.java:317)
	at org.eclipse.jetty.ee10.servlets.DoSFilter.doFilter(DoSFilter.java:282)
	at org.eclipse.jetty.ee10.servlet.FilterHolder.doFilter(FilterHolder.java:205)
	at org.eclipse.jetty.ee10.servlet.ServletHandler$Chain.doFilter(ServletHandler.java:1591)
	at org.apache.nifi.web.server.log.RequestAuthenticationFilter.doFilterInternal(RequestAuthenticationFilter.java:59)
	at org.springframework.web.filter.OncePerRequestFilter.doFilter(OncePerRequestFilter.java:116)
	at org.eclipse.jetty.ee10.servlet.FilterHolder.doFilter(FilterHolder.java:205)
	at org.eclipse.jetty.ee10.servlet.ServletHandler$Chain.doFilter(ServletHandler.java:1591)
	at org.eclipse.jetty.ee10.servlet.ServletHandler$MappedServlet.handle(ServletHandler.java:1552)
	at org.eclipse.jetty.ee10.servlet.ServletChannel.dispatch(ServletChannel.java:819)
	at org.eclipse.jetty.ee10.servlet.ServletChannel.handle(ServletChannel.java:436)
	at org.eclipse.jetty.ee10.servlet.ServletHandler.handle(ServletHandler.java:469)
	at org.eclipse.jetty.security.SecurityHandler.handle(SecurityHandler.java:575)
	at org.eclipse.jetty.ee10.servlet.SessionHandler.handle(SessionHandler.java:717)
	at org.eclipse.jetty.server.handler.ContextHandler.handle(ContextHandler.java:1060)
	at org.eclipse.jetty.server.handler.ContextHandlerCollection.handle(ContextHandlerCollection.java:181)
	at org.eclipse.jetty.server.handler.ContextHandlerCollection.handle(ContextHandlerCollection.java:151)
	at org.eclipse.jetty.server.Handler$Sequence.handle(Handler.java:805)
	at org.eclipse.jetty.server.Server.handle(Server.java:182)
	at org.eclipse.jetty.server.internal.HttpChannelState$HandlerInvoker.run(HttpChannelState.java:662)
	at org.eclipse.jetty.util.thread.Invocable$ReadyTask.run(Invocable.java:175)
	at org.eclipse.jetty.http2.server.internal.HttpStreamOverHTTP2$1.run(HttpStreamOverHTTP2.java:135)
	at org.eclipse.jetty.util.thread.strategy.AdaptiveExecutionStrategy.runTask(AdaptiveExecutionStrategy.java:480)
	at org.eclipse.jetty.util.thread.strategy.AdaptiveExecutionStrategy.consumeTask(AdaptiveExecutionStrategy.java:443)
	at org.eclipse.jetty.util.thread.strategy.AdaptiveExecutionStrategy.tryProduce(AdaptiveExecutionStrategy.java:293)
	at org.eclipse.jetty.util.thread.strategy.AdaptiveExecutionStrategy.produce(AdaptiveExecutionStrategy.java:195)
	at org.eclipse.jetty.http2.HTTP2Connection.produce(HTTP2Connection.java:209)
	at org.eclipse.jetty.http2.HTTP2Connection.onFillable(HTTP2Connection.java:156)
	at org.eclipse.jetty.http2.HTTP2Connection$FillableCallback.succeeded(HTTP2Connection.java:442)
	at org.eclipse.jetty.io.FillInterest.fillable(FillInterest.java:99)
	at org.eclipse.jetty.io.ssl.SslConnection$SslEndPoint.onFillable(SslConnection.java:575)
	at org.eclipse.jetty.io.ssl.SslConnection.onFillable(SslConnection.java:390)
	at org.eclipse.jetty.io.ssl.SslConnection$2.succeeded(SslConnection.java:150)
	at org.eclipse.jetty.io.FillInterest.fillable(FillInterest.java:99)
	at org.eclipse.jetty.io.SelectableChannelEndPoint$1.run(SelectableChannelEndPoint.java:53)
	at org.eclipse.jetty.util.thread.strategy.AdaptiveExecutionStrategy.runTask(AdaptiveExecutionStrategy.java:480)
	at org.eclipse.jetty.util.thread.strategy.AdaptiveExecutionStrategy.consumeTask(AdaptiveExecutionStrategy.java:443)
	at org.eclipse.jetty.util.thread.strategy.AdaptiveExecutionStrategy.tryProduce(AdaptiveExecutionStrategy.java:293)
	at org.eclipse.jetty.util.thread.strategy.AdaptiveExecutionStrategy.run(AdaptiveExecutionStrategy.java:201)
	at org.eclipse.jetty.util.thread.ReservedThreadExecutor$ReservedThread.run(ReservedThreadExecutor.java:311)
	at org.eclipse.jetty.util.thread.QueuedThreadPool.runJob(QueuedThreadPool.java:979)
	at org.eclipse.jetty.util.thread.QueuedThreadPool$Runner.doRunJob(QueuedThreadPool.java:1209)
	at org.eclipse.jetty.util.thread.QueuedThreadPool$Runner.run(QueuedThreadPool.java:1164)
	at java.base/java.lang.Thread.run(Thread.java:1583)
Caused by: org.apache.nifi.authentication.exception.InvalidLoginCredentialsException: Username verification failed
	at org.apache.nifi.authentication.single.user.SingleUserLoginIdentityProvider.authenticate(SingleUserLoginIdentityProvider.java:89)
	at org.apache.nifi.web.security.spring.LoginIdentityProviderFactoryBean$1.authenticate(LoginIdentityProviderFactoryBean.java:281)
	at org.apache.nifi.web.api.AccessResource.createAccessToken(AccessResource.java:132)
	... 87 common frames omitted
2025-04-09 20:18:00,250 INFO [main] o.a.n.a.single.user.SingleUserAuthorizer Initializing Authorizer
2025-04-09 20:18:00,847 INFO [main] o.a.n.a.single.user.SingleUserAuthorizer Configuring Authorizer
2025-04-09 20:18:11,796 INFO [main] o.a.n.w.s.c.KeyPairGeneratorConfiguration Configured Key Pair Algorithm [Ed25519] for JSON Web Signatures
2025-04-09 20:22:54,799 INFO [main] o.a.n.a.single.user.SingleUserAuthorizer Initializing Authorizer
2025-04-09 20:22:55,539 INFO [main] o.a.n.a.single.user.SingleUserAuthorizer Configuring Authorizer
2025-04-09 20:23:05,147 INFO [main] o.a.n.w.s.c.KeyPairGeneratorConfiguration Configured Key Pair Algorithm [Ed25519] for JSON Web Signatures
2025-04-09 20:42:38,233 INFO [ShutdownCommand] o.a.n.a.single.user.SingleUserAuthorizer Destroying Authorizer
